<?xml version="1.0" encoding="UTF-8"?>
<!-- Generated by org.testng.reporters.JUnitReportReporter -->
<testsuite hostname="Sampadas-Air.attlocal.net" failures="0" tests="1" name="MavenBegins.testr1" time="0.042" errors="0" timestamp="2023-04-25T10:59:26 CDT" skipped="0">
  <testcase classname="MavenBegins.testr1" name="loginTest" time="0.042"/>
  <system-out/>
</testsuite> <!-- MavenBegins.testr1 -->
