<?xml version="1.0" encoding="UTF-8"?>
<!-- Generated by org.testng.reporters.JUnitReportReporter -->
<testsuite hostname="Sampadas-Air.attlocal.net" failures="0" tests="4" name="Test.com.testPriority" time="0.018" errors="0" timestamp="2023-04-25T23:07:14 CDT" skipped="0">
  <testcase classname="Test.com.testPriority" name="beta" time="0.013"/>
  <system-out/>
  <testcase classname="Test.com.testPriority" name="delta" time="0.001"/>
  <system-out/>
  <testcase classname="Test.com.testPriority" name="ceta" time="0.002"/>
  <system-out/>
  <testcase classname="Test.com.testPriority" name="alpha" time="0.002"/>
  <system-out/>
</testsuite> <!-- Test.com.testPriority -->
