<?xml version="1.0" encoding="UTF-8"?>
<!-- Generated by org.testng.reporters.JUnitReportReporter -->
<testsuite hostname="Sampadas-Air.attlocal.net" failures="0" tests="2" name="Test.com.ParametersTesting" time="0.013" errors="0" timestamp="2023-04-28T12:28:38 CDT" skipped="0">
  <testcase classname="Test.com.ParametersTesting" name="testcase1" time="0.010"/>
  <system-out/>
  <testcase classname="Test.com.ParametersTesting" name="testcase2" time="0.003"/>
  <system-out/>
</testsuite> <!-- Test.com.ParametersTesting -->
