<?xml version="1.0" encoding="UTF-8"?>
<!-- Generated by org.testng.reporters.JUnitReportReporter -->
<testsuite hostname="Sampadas-Air.attlocal.net" failures="0" tests="1" name="Test.com.testr1" time="0.012" errors="0" timestamp="2023-04-28T22:43:29 CDT" skipped="0">
  <testcase classname="Test.com.testr1" name="loginTest" time="0.012"/>
  <system-out/>
</testsuite> <!-- Test.com.testr1 -->
