<?xml version="1.0" encoding="UTF-8"?>
<!-- Generated by org.testng.reporters.JUnitReportReporter -->
<testsuite hostname="Sampadas-Air.attlocal.net" failures="0" tests="2" name="Test.com.Test2" time="0.013" errors="0" timestamp="2023-04-25T22:47:55 CDT" skipped="0">
  <testcase classname="Test.com.Test2" name="login1" time="0.009"/>
  <system-out/>
  <testcase classname="Test.com.Test2" name="login" time="0.004"/>
  <system-out/>
</testsuite> <!-- Test.com.Test2 -->
