<?xml version="1.0" encoding="UTF-8"?>
<!-- Generated by org.testng.reporters.JUnitReportReporter -->
<testsuite hostname="Sampadas-Air.attlocal.net" failures="0" tests="1" name="Test.com.testttt" time="0.009" errors="0" timestamp="2023-04-28T22:46:10 CDT" skipped="0">
  <testcase classname="Test.com.testttt" name="loginTest" time="0.009"/>
  <system-out/>
</testsuite> <!-- Test.com.testttt -->
