<?xml version="1.0" encoding="UTF-8"?>
<!-- Generated by org.testng.reporters.JUnitReportReporter -->
<testsuite hostname="Sampadas-Air.attlocal.net" failures="0" tests="2" name="Test.com.testGroupp" time="0.015" errors="0" timestamp="2023-04-27T19:51:57 CDT" skipped="0">
  <testcase classname="Test.com.testGroupp" name="testcase4" time="0.001"/>
  <system-out/>
  <testcase classname="Test.com.testGroupp" name="testcase3" time="0.014"/>
  <system-out/>
</testsuite> <!-- Test.com.testGroupp -->
