<?xml version="1.0" encoding="UTF-8"?>
<!-- Generated by org.testng.reporters.JUnitReportReporter -->
<testsuite hostname="Sampadas-Air.attlocal.net" failures="0" tests="4" name="Test.com.MethodDependency" time="0.012" errors="0" timestamp="2023-05-03T15:11:05 CDT" skipped="0">
  <testcase classname="Test.com.MethodDependency" name="B" time="0.002"/>
  <system-out/>
  <testcase classname="Test.com.MethodDependency" name="E" time="0.001"/>
  <system-out/>
  <testcase classname="Test.com.MethodDependency" name="A" time="0.008"/>
  <system-out/>
  <testcase classname="Test.com.MethodDependency" name="C" time="0.001"/>
  <system-out/>
</testsuite> <!-- Test.com.MethodDependency -->
