<?xml version="1.0" encoding="UTF-8"?>
<!-- Generated by org.testng.reporters.JUnitReportReporter -->
<testsuite hostname="Sampadas-Air.attlocal.net" failures="0" tests="1" name="Test.com.SauceDemo" time="11.582" errors="0" timestamp="2023-05-01T10:45:30 CDT" skipped="0">
  <testcase classname="Test.com.SauceDemo" name="testLogin" time="11.582"/>
  <system-out/>
</testsuite> <!-- Test.com.SauceDemo -->
