<?xml version="1.0" encoding="UTF-8"?>
<!-- Generated by org.testng.reporters.JUnitReportReporter -->
<testsuite hostname="Sampadas-Air.attlocal.net" failures="0" tests="1" name="Test.com.testR3" time="0.006" errors="0" timestamp="2023-04-25T22:47:55 CDT" skipped="0">
  <testcase classname="Test.com.testR3" name="testcase1" time="0.006"/>
  <system-out/>
</testsuite> <!-- Test.com.testR3 -->
