<?xml version="1.0" encoding="UTF-8"?>
<!-- Generated by org.testng.reporters.JUnitReportReporter -->
<testsuite hostname="Sampadas-Air.attlocal.net" failures="0" tests="1" name="Test.com.screenShot" time="10.320" errors="0" timestamp="2023-05-07T22:55:26 CDT" skipped="0">
  <testcase classname="Test.com.screenShot" name="captureScreen" time="10.320"/>
  <system-out/>
</testsuite> <!-- Test.com.screenShot -->
